<?xml version="1.0" encoding="UTF-8"?>
<robot generator="Robot 7.4.2 (Python 3.12.13 on linux)" generated="2026-04-02T12:40:41.757851" rpa="false" schemaversion="5">
<suite id="s1" name="Tests" source="/tests/tests">
<suite id="s1-s1" name="Api" source="/tests/tests/api">
<suite id="s1-s1-s1" name="User Api Tests" source="/tests/tests/api/user_api_tests.robot">
<test id="s1-s1-s1-t1" name="Login API" line="8">
<kw name="API Login" owner="api_keywords">
<kw name="Login" owner="CustomAPI">
<msg time="2026-04-02T12:40:42.343661" level="INFO">${result} = ({'token': 'eyJhbGciOiJIUzI1NiIsInR5cCI6IkpXVCJ9.eyJleHAiOjE3NzUxNDA4NDIsImlzcyI6Imh0dHBzOi8vbG9jYWxob3N0OjQ0MzcxIiwiYXVkIjoiaHR0cHM6Ly9sb2NhbGhvc3Q6NDQzNzEifQ.Z7jkH20i1QGkesMGerqTkRp0Sri1srY6BYcCH4dO...</msg>
<var>${result}</var>
<arg>${user}</arg>
<arg>${password}</arg>
<status status="PASS" start="2026-04-02T12:40:42.092490" elapsed="0.251266"/>
</kw>
<return>
<value>${result}</value>
<status status="PASS" start="2026-04-02T12:40:42.343849" elapsed="0.000057"/>
</return>
<msg time="2026-04-02T12:40:42.344072" level="INFO">${token} = ({'token': 'eyJhbGciOiJIUzI1NiIsInR5cCI6IkpXVCJ9.eyJleHAiOjE3NzUxNDA4NDIsImlzcyI6Imh0dHBzOi8vbG9jYWxob3N0OjQ0MzcxIiwiYXVkIjoiaHR0cHM6Ly9sb2NhbGhvc3Q6NDQzNzEifQ.Z7jkH20i1QGkesMGerqTkRp0Sri1srY6BYcCH4dO...</msg>
<var>${token}</var>
<arg>${VALID_USER}</arg>
<arg>${VALID_PASS}</arg>
<status status="PASS" start="2026-04-02T12:40:42.091756" elapsed="0.252342"/>
</kw>
<kw name="Should Not Be Empty" owner="BuiltIn">
<msg time="2026-04-02T12:40:42.344696" level="INFO">Length is 2.</msg>
<arg>${token}</arg>
<doc>Verifies that the given item is not empty.</doc>
<status status="PASS" start="2026-04-02T12:40:42.344231" elapsed="0.000530"/>
</kw>
<status status="PASS" start="2026-04-02T12:40:42.090873" elapsed="0.254004"/>
</test>
<test id="s1-s1-s1-t2" name="Get Authenticate List" line="12">
<kw name="API Get Auth" owner="api_keywords">
<kw name="Get Auth" owner="CustomAPI">
<msg time="2026-04-02T12:40:42.570446" level="INFO">${result} = ['eyJhbGciOiJIUzI1NiIsInR5cCI6IkpXVCJ9.eyJleHAiOjE3NzUxNDA4NDIsImlzcyI6Imh0dHBzOi8vbG9jYWxob3N0OjQ0MzcxIiwiYXVkIjoiaHR0cHM6Ly9sb2NhbGhvc3Q6NDQzNzEifQ.Z7jkH20i1QGkesMGerqTkRp0Sri1srY6BYcCH4dOdEY']</msg>
<var>${result}</var>
<status status="PASS" start="2026-04-02T12:40:42.345840" elapsed="0.224656"/>
</kw>
<return>
<value>${result}</value>
<status status="PASS" start="2026-04-02T12:40:42.570571" elapsed="0.000060"/>
</return>
<msg time="2026-04-02T12:40:42.570873" level="INFO">${list} = ['eyJhbGciOiJIUzI1NiIsInR5cCI6IkpXVCJ9.eyJleHAiOjE3NzUxNDA4NDIsImlzcyI6Imh0dHBzOi8vbG9jYWxob3N0OjQ0MzcxIiwiYXVkIjoiaHR0cHM6Ly9sb2NhbGhvc3Q6NDQzNzEifQ.Z7jkH20i1QGkesMGerqTkRp0Sri1srY6BYcCH4dOdEY']</msg>
<var>${list}</var>
<status status="PASS" start="2026-04-02T12:40:42.345592" elapsed="0.225307"/>
</kw>
<kw name="Should Not Be Empty" owner="BuiltIn">
<msg time="2026-04-02T12:40:42.571341" level="INFO">Length is 1.</msg>
<arg>${list}</arg>
<doc>Verifies that the given item is not empty.</doc>
<status status="PASS" start="2026-04-02T12:40:42.571015" elapsed="0.000366"/>
</kw>
<status status="PASS" start="2026-04-02T12:40:42.345109" elapsed="0.226377"/>
</test>
<status status="PASS" start="2026-04-02T12:40:41.813977" elapsed="0.758019"/>
</suite>
<status status="PASS" start="2026-04-02T12:40:41.813009" elapsed="0.759644"/>
</suite>
<suite id="s1-s2" name="Ui" source="/tests/tests/ui">
<suite id="s1-s2-s1" name="Dashboard Tests" source="/tests/tests/ui/dashboard_tests.robot">
<test id="s1-s2-s1-t1" name="Open Dashboard" line="10">
<kw name="Open Browser To Application" owner="ui_keywords">
<kw name="Chrome Ci Options" owner="browser_options">
<msg time="2026-04-02T12:40:42.830353" level="INFO">${options} = &lt;selenium.webdriver.chrome.options.Options object at 0x7f31135002f0&gt;</msg>
<var>${options}</var>
<status status="PASS" start="2026-04-02T12:40:42.830199" elapsed="0.000188"/>
</kw>
<kw name="Open Browser" owner="SeleniumLibrary">
<msg time="2026-04-02T12:40:42.830806" level="INFO">Opening browser 'chrome' to base url 'http://eaapp.somee.com/Account/Login'.</msg>
<arg>${LOGIN_URL}</arg>
<arg>chrome</arg>
<arg>options=${options}</arg>
<doc>Opens a new browser instance to the optional ``url``.</doc>
<status status="PASS" start="2026-04-02T12:40:42.830528" elapsed="1.161043"/>
</kw>
<status status="PASS" start="2026-04-02T12:40:42.829699" elapsed="1.162099"/>
</kw>
<kw name="Login With Credentials" owner="ui_keywords">
<kw name="Input Username" owner="LoginPage">
<kw name="Input Text" owner="SeleniumLibrary">
<msg time="2026-04-02T12:40:43.993548" level="INFO">Typing text 'admin' into text field 'id=UserName'.</msg>
<arg>${USERNAME_FIELD}</arg>
<arg>${username}</arg>
<doc>Types the given ``text`` into the text field identified by ``locator``.</doc>
<status status="PASS" start="2026-04-02T12:40:43.993156" elapsed="0.099037"/>
</kw>
<arg>${user}</arg>
<status status="PASS" start="2026-04-02T12:40:43.992625" elapsed="0.099717"/>
</kw>
<kw name="Input Password" owner="LoginPage">
<kw name="Input Text" owner="SeleniumLibrary">
<msg time="2026-04-02T12:40:44.093188" level="INFO">Typing text 'password' into text field 'id=Password'.</msg>
<arg>${PASSWORD_FIELD}</arg>
<arg>${password}</arg>
<doc>Types the given ``text`` into the text field identified by ``locator``.</doc>
<status status="PASS" start="2026-04-02T12:40:44.092958" elapsed="0.083247"/>
</kw>
<arg>${pass}</arg>
<status status="PASS" start="2026-04-02T12:40:44.092581" elapsed="0.083753"/>
</kw>
<kw name="Submit Login" owner="LoginPage">
<kw name="Scroll Element Into View" owner="SeleniumLibrary">
<arg>${LOGIN_BUTTON}</arg>
<doc>Scrolls the element identified by ``locator`` into view.</doc>
<status status="PASS" start="2026-04-02T12:40:44.176874" elapsed="0.286951"/>
</kw>
<kw name="Wait Until Element Is Visible" owner="SeleniumLibrary">
<arg>${LOGIN_BUTTON}</arg>
<arg>timeout=60</arg>
<doc>Waits until the element ``locator`` is visible.</doc>
<status status="PASS" start="2026-04-02T12:40:44.464060" elapsed="0.014543"/>
</kw>
<kw name="Click Element" owner="SeleniumLibrary">
<msg time="2026-04-02T12:40:44.479055" level="INFO">Clicking element 'xpath=//button[text()='Sign In']'.</msg>
<arg>${LOGIN_BUTTON}</arg>
<doc>Click the element identified by ``locator``.</doc>
<status status="PASS" start="2026-04-02T12:40:44.478810" elapsed="0.276732"/>
</kw>
<status status="PASS" start="2026-04-02T12:40:44.176555" elapsed="0.579201"/>
</kw>
<arg>${VALID_USER}</arg>
<arg>${VALID_PASS}</arg>
<status status="PASS" start="2026-04-02T12:40:43.992099" elapsed="0.763764"/>
</kw>
<kw name="Open Dashboard" owner="DashboardPage">
<kw name="Wait Until Element Is Visible" owner="SeleniumLibrary">
<arg>${Dashboard}</arg>
<arg>timeout=10</arg>
<doc>Waits until the element ``locator`` is visible.</doc>
<status status="PASS" start="2026-04-02T12:40:44.756581" elapsed="0.193094"/>
</kw>
<kw name="Click Element" owner="SeleniumLibrary">
<msg time="2026-04-02T12:40:44.950345" level="INFO">Clicking element 'xpath=//a[contains(text(), 'Dashboard')]'.</msg>
<arg>${Dashboard}</arg>
<doc>Click the element identified by ``locator``.</doc>
<status status="PASS" start="2026-04-02T12:40:44.949996" elapsed="0.199202"/>
</kw>
<status status="PASS" start="2026-04-02T12:40:44.756168" elapsed="0.393156"/>
</kw>
<kw name="Dashboard Should Be Visible" owner="DashboardPage">
<kw name="Page Should Contain" owner="SeleniumLibrary">
<msg time="2026-04-02T12:40:45.163000" level="INFO">Current page contains text 'Workforce Dashboard'.</msg>
<arg>Workforce Dashboard</arg>
<doc>Verifies that current page contains ``text``.</doc>
<status status="PASS" start="2026-04-02T12:40:45.149841" elapsed="0.013238"/>
</kw>
<status status="PASS" start="2026-04-02T12:40:45.149528" elapsed="0.013634"/>
</kw>
<kw name="Close Browser" owner="SeleniumLibrary">
<doc>Closes the current browser.</doc>
<status status="PASS" start="2026-04-02T12:40:45.163290" elapsed="0.067986"/>
</kw>
<status status="PASS" start="2026-04-02T12:40:42.829118" elapsed="2.402340"/>
</test>
<status status="PASS" start="2026-04-02T12:40:42.574094" elapsed="2.657771"/>
</suite>
<suite id="s1-s2-s2" name="Login Tests" source="/tests/tests/ui/login_tests.robot">
<test id="s1-s2-s2-t1" name="Valid Login" line="9">
<kw name="Open Browser To Application" owner="ui_keywords">
<kw name="Chrome Ci Options" owner="browser_options">
<msg time="2026-04-02T12:40:45.238453" level="INFO">${options} = &lt;selenium.webdriver.chrome.options.Options object at 0x7f31135003e0&gt;</msg>
<var>${options}</var>
<status status="PASS" start="2026-04-02T12:40:45.238312" elapsed="0.000172"/>
</kw>
<kw name="Open Browser" owner="SeleniumLibrary">
<msg time="2026-04-02T12:40:45.238875" level="INFO">Opening browser 'chrome' to base url 'http://eaapp.somee.com/Account/Login'.</msg>
<arg>${LOGIN_URL}</arg>
<arg>chrome</arg>
<arg>options=${options}</arg>
<doc>Opens a new browser instance to the optional ``url``.</doc>
<status status="PASS" start="2026-04-02T12:40:45.238602" elapsed="0.891613"/>
</kw>
<status status="PASS" start="2026-04-02T12:40:45.238076" elapsed="0.892356"/>
</kw>
<kw name="Login With Credentials" owner="ui_keywords">
<kw name="Input Username" owner="LoginPage">
<kw name="Input Text" owner="SeleniumLibrary">
<msg time="2026-04-02T12:40:46.131871" level="INFO">Typing text 'admin' into text field 'id=UserName'.</msg>
<arg>${USERNAME_FIELD}</arg>
<arg>${username}</arg>
<doc>Types the given ``text`` into the text field identified by ``locator``.</doc>
<status status="PASS" start="2026-04-02T12:40:46.131601" elapsed="0.095211"/>
</kw>
<arg>${user}</arg>
<status status="PASS" start="2026-04-02T12:40:46.131328" elapsed="0.095613"/>
</kw>
<kw name="Input Password" owner="LoginPage">
<kw name="Input Text" owner="SeleniumLibrary">
<msg time="2026-04-02T12:40:46.227938" level="INFO">Typing text 'password' into text field 'id=Password'.</msg>
<arg>${PASSWORD_FIELD}</arg>
<arg>${password}</arg>
<doc>Types the given ``text`` into the text field identified by ``locator``.</doc>
<status status="PASS" start="2026-04-02T12:40:46.227570" elapsed="0.079840"/>
</kw>
<arg>${pass}</arg>
<status status="PASS" start="2026-04-02T12:40:46.227146" elapsed="0.080398"/>
</kw>
<kw name="Submit Login" owner="LoginPage">
<kw name="Scroll Element Into View" owner="SeleniumLibrary">
<arg>${LOGIN_BUTTON}</arg>
<doc>Scrolls the element identified by ``locator`` into view.</doc>
<status status="PASS" start="2026-04-02T12:40:46.308083" elapsed="0.272070"/>
</kw>
<kw name="Wait Until Element Is Visible" owner="SeleniumLibrary">
<arg>${LOGIN_BUTTON}</arg>
<arg>timeout=60</arg>
<doc>Waits until the element ``locator`` is visible.</doc>
<status status="PASS" start="2026-04-02T12:40:46.580368" elapsed="0.015653"/>
</kw>
<kw name="Click Element" owner="SeleniumLibrary">
<msg time="2026-04-02T12:40:46.596411" level="INFO">Clicking element 'xpath=//button[text()='Sign In']'.</msg>
<arg>${LOGIN_BUTTON}</arg>
<doc>Click the element identified by ``locator``.</doc>
<status status="PASS" start="2026-04-02T12:40:46.596185" elapsed="0.273151"/>
</kw>
<status status="PASS" start="2026-04-02T12:40:46.307795" elapsed="0.561700"/>
</kw>
<arg>${VALID_USER}</arg>
<arg>${VALID_PASS}</arg>
<status status="PASS" start="2026-04-02T12:40:46.130784" elapsed="0.738774"/>
</kw>
<kw name="Page Should Contain" owner="SeleniumLibrary">
<msg time="2026-04-02T12:40:47.059611" level="INFO">Current page contains text 'Employee Management'.</msg>
<arg>Employee Management</arg>
<doc>Verifies that current page contains ``text``.</doc>
<status status="PASS" start="2026-04-02T12:40:46.869834" elapsed="0.189918"/>
</kw>
<kw name="Close Browser" owner="SeleniumLibrary">
<doc>Closes the current browser.</doc>
<status status="PASS" start="2026-04-02T12:40:47.059951" elapsed="0.068131"/>
</kw>
<status status="PASS" start="2026-04-02T12:40:45.237617" elapsed="1.890644"/>
</test>
<status status="PASS" start="2026-04-02T12:40:45.232501" elapsed="1.896131"/>
</suite>
<status status="PASS" start="2026-04-02T12:40:42.573091" elapsed="4.556318"/>
</suite>
<status status="PASS" start="2026-04-02T12:40:41.759160" elapsed="5.370905"/>
</suite>
<statistics>
<total>
<stat pass="4" fail="0" skip="0">All Tests</stat>
</total>
<tag>
</tag>
<suite>
<stat name="Tests" id="s1" pass="4" fail="0" skip="0">Tests</stat>
<stat name="Api" id="s1-s1" pass="2" fail="0" skip="0">Tests.Api</stat>
<stat name="User Api Tests" id="s1-s1-s1" pass="2" fail="0" skip="0">Tests.Api.User Api Tests</stat>
<stat name="Ui" id="s1-s2" pass="2" fail="0" skip="0">Tests.Ui</stat>
<stat name="Dashboard Tests" id="s1-s2-s1" pass="1" fail="0" skip="0">Tests.Ui.Dashboard Tests</stat>
<stat name="Login Tests" id="s1-s2-s2" pass="1" fail="0" skip="0">Tests.Ui.Login Tests</stat>
</suite>
</statistics>
<errors>
</errors>
</robot>
