<?xml version="1.0" encoding="UTF-8"?>
<robot generator="Robot 7.4.2 (Python 3.12.13 on linux)" generated="2026-04-02T11:13:16.819239" rpa="false" schemaversion="5">
<suite id="s1" name="Tests" source="/tests/tests">
<suite id="s1-s1" name="Api" source="/tests/tests/api">
<suite id="s1-s1-s1" name="User Api Tests" source="/tests/tests/api/user_api_tests.robot">
<test id="s1-s1-s1-t1" name="Login API" line="8">
<kw name="API Login" owner="api_keywords">
<kw name="Login" owner="CustomAPI">
<msg time="2026-04-02T11:13:17.554094" level="INFO">${result} = ({'token': 'eyJhbGciOiJIUzI1NiIsInR5cCI6IkpXVCJ9.eyJleHAiOjE3NzUxMzU1OTcsImlzcyI6Imh0dHBzOi8vbG9jYWxob3N0OjQ0MzcxIiwiYXVkIjoiaHR0cHM6Ly9sb2NhbGhvc3Q6NDQzNzEifQ.UbZ-Ug_Qln53RulmySldqWXvdw3Oht1UyEnE0jnM...</msg>
<var>${result}</var>
<arg>${user}</arg>
<arg>${password}</arg>
<status status="PASS" start="2026-04-02T11:13:17.204048" elapsed="0.350108"/>
</kw>
<return>
<value>${result}</value>
<status status="PASS" start="2026-04-02T11:13:17.554246" elapsed="0.000116"/>
</return>
<msg time="2026-04-02T11:13:17.554529" level="INFO">${token} = ({'token': 'eyJhbGciOiJIUzI1NiIsInR5cCI6IkpXVCJ9.eyJleHAiOjE3NzUxMzU1OTcsImlzcyI6Imh0dHBzOi8vbG9jYWxob3N0OjQ0MzcxIiwiYXVkIjoiaHR0cHM6Ly9sb2NhbGhvc3Q6NDQzNzEifQ.UbZ-Ug_Qln53RulmySldqWXvdw3Oht1UyEnE0jnM...</msg>
<var>${token}</var>
<arg>${VALID_USER}</arg>
<arg>${VALID_PASS}</arg>
<status status="PASS" start="2026-04-02T11:13:17.203333" elapsed="0.351221"/>
</kw>
<kw name="Should Not Be Empty" owner="BuiltIn">
<msg time="2026-04-02T11:13:17.555188" level="INFO">Length is 2.</msg>
<arg>${token}</arg>
<doc>Verifies that the given item is not empty.</doc>
<status status="PASS" start="2026-04-02T11:13:17.554695" elapsed="0.000534"/>
</kw>
<status status="PASS" start="2026-04-02T11:13:17.202466" elapsed="0.352902"/>
</test>
<test id="s1-s1-s1-t2" name="Get Authenticate List" line="12">
<kw name="API Get Auth" owner="api_keywords">
<kw name="Get Auth" owner="CustomAPI">
<msg time="2026-04-02T11:13:17.902114" level="INFO">${result} = ['eyJhbGciOiJIUzI1NiIsInR5cCI6IkpXVCJ9.eyJleHAiOjE3NzUxMzU1OTcsImlzcyI6Imh0dHBzOi8vbG9jYWxob3N0OjQ0MzcxIiwiYXVkIjoiaHR0cHM6Ly9sb2NhbGhvc3Q6NDQzNzEifQ.UbZ-Ug_Qln53RulmySldqWXvdw3Oht1UyEnE0jnMKWY']</msg>
<var>${result}</var>
<status status="PASS" start="2026-04-02T11:13:17.556368" elapsed="0.345796"/>
</kw>
<return>
<value>${result}</value>
<status status="PASS" start="2026-04-02T11:13:17.902235" elapsed="0.000086"/>
</return>
<msg time="2026-04-02T11:13:17.902478" level="INFO">${list} = ['eyJhbGciOiJIUzI1NiIsInR5cCI6IkpXVCJ9.eyJleHAiOjE3NzUxMzU1OTcsImlzcyI6Imh0dHBzOi8vbG9jYWxob3N0OjQ0MzcxIiwiYXVkIjoiaHR0cHM6Ly9sb2NhbGhvc3Q6NDQzNzEifQ.UbZ-Ug_Qln53RulmySldqWXvdw3Oht1UyEnE0jnMKWY']</msg>
<var>${list}</var>
<status status="PASS" start="2026-04-02T11:13:17.556140" elapsed="0.346360"/>
</kw>
<kw name="Should Not Be Empty" owner="BuiltIn">
<msg time="2026-04-02T11:13:17.902931" level="INFO">Length is 1.</msg>
<arg>${list}</arg>
<doc>Verifies that the given item is not empty.</doc>
<status status="PASS" start="2026-04-02T11:13:17.902615" elapsed="0.000353"/>
</kw>
<status status="PASS" start="2026-04-02T11:13:17.555635" elapsed="0.347437"/>
</test>
<status status="PASS" start="2026-04-02T11:13:16.874785" elapsed="1.028790"/>
</suite>
<status status="PASS" start="2026-04-02T11:13:16.873739" elapsed="1.030399"/>
</suite>
<suite id="s1-s2" name="Ui" source="/tests/tests/ui">
<suite id="s1-s2-s1" name="Dashboard Tests" source="/tests/tests/ui/dashboard_tests.robot">
<test id="s1-s2-s1-t1" name="Open Dashboard" line="9">
<kw name="Open Browser To Application" owner="ui_keywords">
<kw name="Evaluate" owner="BuiltIn">
<msg time="2026-04-02T11:13:18.158018" level="INFO">${options} = &lt;selenium.webdriver.chrome.options.Options object at 0x7f25a9f8b260&gt;</msg>
<var>${options}</var>
<arg>sys.modules['selenium.webdriver'].ChromeOptions()</arg>
<arg>sys, selenium.webdriver</arg>
<doc>Evaluates the given expression in Python and returns the result.</doc>
<status status="PASS" start="2026-04-02T11:13:18.155172" elapsed="0.002884"/>
</kw>
<kw name="Call Method" owner="BuiltIn">
<msg time="2026-04-02T11:13:18.158560" level="FAIL">Calling method 'add_argument' failed: TypeError: ArgOptions.add_argument() got an unexpected keyword argument '--headless'</msg>
<arg>${options}</arg>
<arg>add_argument</arg>
<arg>--headless=new</arg>
<doc>Calls the named method of the given object with the provided arguments.</doc>
<status status="FAIL" start="2026-04-02T11:13:18.158188" elapsed="0.000541">Calling method 'add_argument' failed: TypeError: ArgOptions.add_argument() got an unexpected keyword argument '--headless'</status>
</kw>
<kw name="Call Method" owner="BuiltIn">
<arg>${options}</arg>
<arg>add_argument</arg>
<arg>--no-sandbox</arg>
<doc>Calls the named method of the given object with the provided arguments.</doc>
<status status="NOT RUN" start="2026-04-02T11:13:18.158854" elapsed="0.000027"/>
</kw>
<kw name="Call Method" owner="BuiltIn">
<arg>${options}</arg>
<arg>add_argument</arg>
<arg>--disable-dev-shm-usage</arg>
<doc>Calls the named method of the given object with the provided arguments.</doc>
<status status="NOT RUN" start="2026-04-02T11:13:18.158970" elapsed="0.000023"/>
</kw>
<kw name="Call Method" owner="BuiltIn">
<arg>${options}</arg>
<arg>add_argument</arg>
<arg>--disable-gpu</arg>
<doc>Calls the named method of the given object with the provided arguments.</doc>
<status status="NOT RUN" start="2026-04-02T11:13:18.159075" elapsed="0.000022"/>
</kw>
<kw name="Call Method" owner="BuiltIn">
<arg>${options}</arg>
<arg>add_argument</arg>
<arg>--disable-software-rasterizer</arg>
<doc>Calls the named method of the given object with the provided arguments.</doc>
<status status="NOT RUN" start="2026-04-02T11:13:18.159175" elapsed="0.000021"/>
</kw>
<kw name="Call Method" owner="BuiltIn">
<arg>${options}</arg>
<arg>add_argument</arg>
<arg>--window-size=1920,1080</arg>
<doc>Calls the named method of the given object with the provided arguments.</doc>
<status status="NOT RUN" start="2026-04-02T11:13:18.159297" elapsed="0.000026"/>
</kw>
<kw name="Open Browser" owner="SeleniumLibrary">
<arg>${LOGIN_URL}</arg>
<arg>chrome</arg>
<arg>options=${options}</arg>
<doc>Opens a new browser instance to the optional ``url``.</doc>
<status status="NOT RUN" start="2026-04-02T11:13:18.159431" elapsed="0.000023"/>
</kw>
<kw name="Maximize Browser Window" owner="SeleniumLibrary">
<doc>Maximizes current browser window.</doc>
<status status="NOT RUN" start="2026-04-02T11:13:18.159537" elapsed="0.000021"/>
</kw>
<status status="FAIL" start="2026-04-02T11:13:18.154680" elapsed="0.004982">Calling method 'add_argument' failed: TypeError: ArgOptions.add_argument() got an unexpected keyword argument '--headless'</status>
</kw>
<kw name="Login With Credentials" owner="ui_keywords">
<arg>${VALID_USER}</arg>
<arg>${VALID_PASS}</arg>
<status status="NOT RUN" start="2026-04-02T11:13:18.159815" elapsed="0.000030"/>
</kw>
<kw name="Open Dashboard" owner="DashboardPage">
<status status="NOT RUN" start="2026-04-02T11:13:18.159955" elapsed="0.000025"/>
</kw>
<kw name="Dashboard Should Be Visible" owner="DashboardPage">
<status status="NOT RUN" start="2026-04-02T11:13:18.160075" elapsed="0.000024"/>
</kw>
<kw name="Close Browser" owner="SeleniumLibrary">
<doc>Closes the current browser.</doc>
<status status="NOT RUN" start="2026-04-02T11:13:18.160174" elapsed="0.000022"/>
</kw>
<status status="FAIL" start="2026-04-02T11:13:18.154080" elapsed="0.006274">Calling method 'add_argument' failed: TypeError: ArgOptions.add_argument() got an unexpected keyword argument '--headless'</status>
</test>
<status status="FAIL" start="2026-04-02T11:13:17.905697" elapsed="0.255000"/>
</suite>
<suite id="s1-s2-s2" name="Login Tests" source="/tests/tests/ui/login_tests.robot">
<test id="s1-s2-s2-t1" name="Valid Login" line="9">
<kw name="Open Browser To Application" owner="ui_keywords">
<kw name="Evaluate" owner="BuiltIn">
<msg time="2026-04-02T11:13:18.165176" level="INFO">${options} = &lt;selenium.webdriver.chrome.options.Options object at 0x7f25a9e114f0&gt;</msg>
<var>${options}</var>
<arg>sys.modules['selenium.webdriver'].ChromeOptions()</arg>
<arg>sys, selenium.webdriver</arg>
<doc>Evaluates the given expression in Python and returns the result.</doc>
<status status="PASS" start="2026-04-02T11:13:18.164838" elapsed="0.000368"/>
</kw>
<kw name="Call Method" owner="BuiltIn">
<msg time="2026-04-02T11:13:18.165708" level="FAIL">Calling method 'add_argument' failed: TypeError: ArgOptions.add_argument() got an unexpected keyword argument '--headless'</msg>
<arg>${options}</arg>
<arg>add_argument</arg>
<arg>--headless=new</arg>
<doc>Calls the named method of the given object with the provided arguments.</doc>
<status status="FAIL" start="2026-04-02T11:13:18.165402" elapsed="0.000403">Calling method 'add_argument' failed: TypeError: ArgOptions.add_argument() got an unexpected keyword argument '--headless'</status>
</kw>
<kw name="Call Method" owner="BuiltIn">
<arg>${options}</arg>
<arg>add_argument</arg>
<arg>--no-sandbox</arg>
<doc>Calls the named method of the given object with the provided arguments.</doc>
<status status="NOT RUN" start="2026-04-02T11:13:18.165914" elapsed="0.000025"/>
</kw>
<kw name="Call Method" owner="BuiltIn">
<arg>${options}</arg>
<arg>add_argument</arg>
<arg>--disable-dev-shm-usage</arg>
<doc>Calls the named method of the given object with the provided arguments.</doc>
<status status="NOT RUN" start="2026-04-02T11:13:18.166026" elapsed="0.000023"/>
</kw>
<kw name="Call Method" owner="BuiltIn">
<arg>${options}</arg>
<arg>add_argument</arg>
<arg>--disable-gpu</arg>
<doc>Calls the named method of the given object with the provided arguments.</doc>
<status status="NOT RUN" start="2026-04-02T11:13:18.166147" elapsed="0.000024"/>
</kw>
<kw name="Call Method" owner="BuiltIn">
<arg>${options}</arg>
<arg>add_argument</arg>
<arg>--disable-software-rasterizer</arg>
<doc>Calls the named method of the given object with the provided arguments.</doc>
<status status="NOT RUN" start="2026-04-02T11:13:18.166255" elapsed="0.000078"/>
</kw>
<kw name="Call Method" owner="BuiltIn">
<arg>${options}</arg>
<arg>add_argument</arg>
<arg>--window-size=1920,1080</arg>
<doc>Calls the named method of the given object with the provided arguments.</doc>
<status status="NOT RUN" start="2026-04-02T11:13:18.166462" elapsed="0.000033"/>
</kw>
<kw name="Open Browser" owner="SeleniumLibrary">
<arg>${LOGIN_URL}</arg>
<arg>chrome</arg>
<arg>options=${options}</arg>
<doc>Opens a new browser instance to the optional ``url``.</doc>
<status status="NOT RUN" start="2026-04-02T11:13:18.166626" elapsed="0.000041"/>
</kw>
<kw name="Maximize Browser Window" owner="SeleniumLibrary">
<doc>Maximizes current browser window.</doc>
<status status="NOT RUN" start="2026-04-02T11:13:18.166793" elapsed="0.000032"/>
</kw>
<status status="FAIL" start="2026-04-02T11:13:18.164630" elapsed="0.002312">Calling method 'add_argument' failed: TypeError: ArgOptions.add_argument() got an unexpected keyword argument '--headless'</status>
</kw>
<kw name="Login With Credentials" owner="ui_keywords">
<arg>${VALID_USER}</arg>
<arg>${VALID_PASS}</arg>
<status status="NOT RUN" start="2026-04-02T11:13:18.167083" elapsed="0.000027"/>
</kw>
<kw name="Page Should Contain" owner="SeleniumLibrary">
<arg>Employee Management</arg>
<doc>Verifies that current page contains ``text``.</doc>
<status status="NOT RUN" start="2026-04-02T11:13:18.167195" elapsed="0.000023"/>
</kw>
<kw name="Close Browser" owner="SeleniumLibrary">
<doc>Closes the current browser.</doc>
<status status="NOT RUN" start="2026-04-02T11:13:18.167321" elapsed="0.000024"/>
</kw>
<status status="FAIL" start="2026-04-02T11:13:18.164165" elapsed="0.003297">Calling method 'add_argument' failed: TypeError: ArgOptions.add_argument() got an unexpected keyword argument '--headless'</status>
</test>
<status status="FAIL" start="2026-04-02T11:13:18.161362" elapsed="0.006413"/>
</suite>
<status status="FAIL" start="2026-04-02T11:13:17.904663" elapsed="0.263737"/>
</suite>
<status status="FAIL" start="2026-04-02T11:13:16.820589" elapsed="1.348361"/>
</suite>
<statistics>
<total>
<stat pass="2" fail="2" skip="0">All Tests</stat>
</total>
<tag>
</tag>
<suite>
<stat name="Tests" id="s1" pass="2" fail="2" skip="0">Tests</stat>
<stat name="Api" id="s1-s1" pass="2" fail="0" skip="0">Tests.Api</stat>
<stat name="User Api Tests" id="s1-s1-s1" pass="2" fail="0" skip="0">Tests.Api.User Api Tests</stat>
<stat name="Ui" id="s1-s2" pass="0" fail="2" skip="0">Tests.Ui</stat>
<stat name="Dashboard Tests" id="s1-s2-s1" pass="0" fail="1" skip="0">Tests.Ui.Dashboard Tests</stat>
<stat name="Login Tests" id="s1-s2-s2" pass="0" fail="1" skip="0">Tests.Ui.Login Tests</stat>
</suite>
</statistics>
<errors>
</errors>
</robot>
